0    [main] INFO  org.apache.pig.Main  - Logging error messages to: /global/u2/k/kbhatia/exp/screening-alex/pig_1296152238521.log
2011-01-27 18:17:18,708 [main] INFO  org.apache.pig.backend.hadoop.executionengine.HExecutionEngine - Connecting to hadoop file system at: hdfs://128.55.56.15/
2011-01-27 18:17:18,949 [main] INFO  org.apache.pig.backend.hadoop.executionengine.HExecutionEngine - Connecting to map-reduce job tracker at: 128.55.56.15:50031
2011-01-27 18:17:19,252 [main] INFO  org.apache.pig.impl.logicalLayer.optimizer.PruneColumns - Columns pruned for R: $1
2011-01-27 18:17:19,252 [main] INFO  org.apache.pig.impl.logicalLayer.optimizer.PruneColumns - No map keys pruned for R
2011-01-27 18:17:19,253 [main] INFO  org.apache.pig.impl.logicalLayer.optimizer.PruneColumns - Columns pruned for A: $1
2011-01-27 18:17:19,253 [main] INFO  org.apache.pig.impl.logicalLayer.optimizer.PruneColumns - No map keys pruned for A
2011-01-27 18:17:19,360 [main] ERROR org.apache.pig.tools.grunt.Grunt - ERROR 6000: Output specification 'hdfs://cvrsvc11-ib/users/kbhatia/screening-alex-2' is invalid or already exists
Details at logfile: /global/u2/k/kbhatia/exp/screening-alex/pig_1296152238521.log
0    [main] INFO  org.apache.pig.Main  - Logging error messages to: /global/u2/k/kbhatia/exp/screening-alex/pig_1296152258574.log
2011-01-27 18:17:38,763 [main] INFO  org.apache.pig.backend.hadoop.executionengine.HExecutionEngine - Connecting to hadoop file system at: hdfs://128.55.56.15/
2011-01-27 18:17:39,007 [main] INFO  org.apache.pig.backend.hadoop.executionengine.HExecutionEngine - Connecting to map-reduce job tracker at: 128.55.56.15:50031
2011-01-27 18:17:39,316 [main] INFO  org.apache.pig.impl.logicalLayer.optimizer.PruneColumns - Columns pruned for R: $1
2011-01-27 18:17:39,316 [main] INFO  org.apache.pig.impl.logicalLayer.optimizer.PruneColumns - No map keys pruned for R
2011-01-27 18:17:39,316 [main] INFO  org.apache.pig.impl.logicalLayer.optimizer.PruneColumns - Columns pruned for A: $1
2011-01-27 18:17:39,317 [main] INFO  org.apache.pig.impl.logicalLayer.optimizer.PruneColumns - No map keys pruned for A
2011-01-27 18:17:39,429 [main] INFO  org.apache.pig.backend.hadoop.executionengine.HExecutionEngine - (Name: Store(hdfs://cvrsvc11-ib/users/kbhatia/screening-alex-2:org.apache.pig.builtin.PigStorage) - 1-125 Operator Key: 1-125)
2011-01-27 18:17:39,470 [main] INFO  org.apache.pig.backend.hadoop.executionengine.mapReduceLayer.MultiQueryOptimizer - MR plan size before optimization: 2
2011-01-27 18:17:39,470 [main] INFO  org.apache.pig.backend.hadoop.executionengine.mapReduceLayer.MultiQueryOptimizer - MR plan size after optimization: 2
2011-01-27 18:17:39,504 [main] INFO  org.apache.pig.backend.hadoop.executionengine.mapReduceLayer.JobControlCompiler - mapred.job.reduce.markreset.buffer.percent is not set, set to default 0.3
2011-01-27 18:17:47,408 [main] INFO  org.apache.pig.backend.hadoop.executionengine.mapReduceLayer.JobControlCompiler - Setting up single store job
2011-01-27 18:17:47,432 [main] INFO  org.apache.pig.backend.hadoop.executionengine.mapReduceLayer.MapReduceLauncher - 1 map-reduce job(s) waiting for submission.
2011-01-27 18:17:47,435 [Thread-10] WARN  org.apache.hadoop.mapred.JobClient - Use GenericOptionsParser for parsing the arguments. Applications should implement Tool for the same.
2011-01-27 18:17:48,827 [main] INFO  org.apache.pig.backend.hadoop.executionengine.mapReduceLayer.MapReduceLauncher - 0% complete
2011-01-27 18:17:49,089 [Thread-10] INFO  org.apache.hadoop.mapreduce.lib.input.FileInputFormat - Total input paths to process : 1
2011-01-27 18:17:50,421 [main] INFO  org.apache.pig.backend.hadoop.executionengine.mapReduceLayer.MapReduceLauncher - HadoopJobId: job_201101040000_0464
2011-01-27 18:17:50,421 [main] INFO  org.apache.pig.backend.hadoop.executionengine.mapReduceLayer.MapReduceLauncher - More information at: http://128.55.56.15:50030/jobdetails.jsp?jobid=job_201101040000_0464
2011-01-27 18:18:02,997 [main] INFO  org.apache.pig.backend.hadoop.executionengine.mapReduceLayer.MapReduceLauncher - 3% complete
2011-01-27 18:18:03,500 [main] INFO  org.apache.pig.backend.hadoop.executionengine.mapReduceLayer.MapReduceLauncher - 6% complete
2011-01-27 18:18:04,003 [main] INFO  org.apache.pig.backend.hadoop.executionengine.mapReduceLayer.MapReduceLauncher - 7% complete
2011-01-27 18:18:04,506 [main] INFO  org.apache.pig.backend.hadoop.executionengine.mapReduceLayer.MapReduceLauncher - 10% complete
2011-01-27 18:18:05,009 [main] INFO  org.apache.pig.backend.hadoop.executionengine.mapReduceLayer.MapReduceLauncher - 13% complete
2011-01-27 18:18:05,512 [main] INFO  org.apache.pig.backend.hadoop.executionengine.mapReduceLayer.MapReduceLauncher - 15% complete
2011-01-27 18:18:08,026 [main] INFO  org.apache.pig.backend.hadoop.executionengine.mapReduceLayer.MapReduceLauncher - 19% complete
2011-01-27 18:18:08,529 [main] INFO  org.apache.pig.backend.hadoop.executionengine.mapReduceLayer.MapReduceLauncher - 21% complete
2011-01-27 18:19:02,763 [main] INFO  org.apache.pig.backend.hadoop.executionengine.mapReduceLayer.MapReduceLauncher - 50% complete
2011-01-27 18:19:05,301 [main] INFO  org.apache.pig.backend.hadoop.executionengine.mapReduceLayer.JobControlCompiler - mapred.job.reduce.markreset.buffer.percent is not set, set to default 0.3
2011-01-27 18:19:08,037 [main] INFO  org.apache.pig.backend.hadoop.executionengine.mapReduceLayer.JobControlCompiler - Setting up single store job
2011-01-27 18:19:08,039 [main] INFO  org.apache.pig.backend.hadoop.executionengine.mapReduceLayer.JobControlCompiler - Setting identity combiner class.
2011-01-27 18:19:08,063 [main] INFO  org.apache.pig.backend.hadoop.executionengine.mapReduceLayer.MapReduceLauncher - 1 map-reduce job(s) waiting for submission.
2011-01-27 18:19:08,065 [Thread-21] WARN  org.apache.hadoop.mapred.JobClient - Use GenericOptionsParser for parsing the arguments. Applications should implement Tool for the same.
2011-01-27 18:19:08,270 [Thread-21] INFO  org.apache.hadoop.mapreduce.lib.input.FileInputFormat - Total input paths to process : 1
2011-01-27 18:19:09,801 [main] INFO  org.apache.pig.backend.hadoop.executionengine.mapReduceLayer.MapReduceLauncher - HadoopJobId: job_201101040000_0465
2011-01-27 18:19:09,801 [main] INFO  org.apache.pig.backend.hadoop.executionengine.mapReduceLayer.MapReduceLauncher - More information at: http://128.55.56.15:50030/jobdetails.jsp?jobid=job_201101040000_0465
2011-01-27 19:11:26,116 [main] INFO  org.apache.pig.backend.hadoop.executionengine.mapReduceLayer.MapReduceLauncher - 100% complete
2011-01-27 19:11:26,118 [main] ERROR org.apache.pig.backend.hadoop.executionengine.mapReduceLayer.MapReduceLauncher - 1 map reduce job(s) failed!
2011-01-27 19:11:26,204 [main] ERROR org.apache.pig.backend.hadoop.executionengine.mapReduceLayer.MapReduceLauncher - Failed to produce result in: "hdfs://cvrsvc11-ib/users/kbhatia/screening-alex-2"
2011-01-27 19:11:26,328 [main] INFO  org.apache.pig.backend.hadoop.executionengine.mapReduceLayer.MapReduceLauncher - Some jobs have failed! Stop running all dependent jobs
