Pig Stack Trace
---------------
ERROR 1070: Could not resolve STRSPLIT using imports: [, org.apache.pig.builtin., org.apache.pig.impl.builtin.]

java.lang.RuntimeException: Cannot instantiate:STRSPLIT
	at org.apache.pig.impl.PigContext.instantiateFuncFromSpec(PigContext.java:455)
	at org.apache.pig.impl.PigContext.instantiateFuncFromSpec(PigContext.java:504)
	at org.apache.pig.impl.PigContext.instantiateFuncFromAlias(PigContext.java:527)
	at org.apache.pig.impl.logicalLayer.parser.QueryParser.EvalFunction(QueryParser.java:6023)
	at org.apache.pig.impl.logicalLayer.parser.QueryParser.EvalFuncSpec(QueryParser.java:4954)
	at org.apache.pig.impl.logicalLayer.parser.QueryParser.BaseEvalSpec(QueryParser.java:4785)
	at org.apache.pig.impl.logicalLayer.parser.QueryParser.UnaryExpr(QueryParser.java:4688)
	at org.apache.pig.impl.logicalLayer.parser.QueryParser.CastExpr(QueryParser.java:4634)
	at org.apache.pig.impl.logicalLayer.parser.QueryParser.MultiplicativeExpr(QueryParser.java:4543)
	at org.apache.pig.impl.logicalLayer.parser.QueryParser.AdditiveExpr(QueryParser.java:4469)
	at org.apache.pig.impl.logicalLayer.parser.QueryParser.InfixExpr(QueryParser.java:4435)
	at org.apache.pig.impl.logicalLayer.parser.QueryParser.FlattenedGenerateItem(QueryParser.java:4361)
	at org.apache.pig.impl.logicalLayer.parser.QueryParser.FlattenedGenerateItemList(QueryParser.java:4284)
	at org.apache.pig.impl.logicalLayer.parser.QueryParser.GenerateStatement(QueryParser.java:4228)
	at org.apache.pig.impl.logicalLayer.parser.QueryParser.NestedBlock(QueryParser.java:3633)
	at org.apache.pig.impl.logicalLayer.parser.QueryParser.ForEachClause(QueryParser.java:3033)
	at org.apache.pig.impl.logicalLayer.parser.QueryParser.BaseExpr(QueryParser.java:1332)
	at org.apache.pig.impl.logicalLayer.parser.QueryParser.Expr(QueryParser.java:911)
	at org.apache.pig.impl.logicalLayer.parser.QueryParser.Parse(QueryParser.java:700)
	at org.apache.pig.impl.logicalLayer.LogicalPlanBuilder.parse(LogicalPlanBuilder.java:63)
	at org.apache.pig.PigServer$Graph.parseQuery(PigServer.java:1164)
	at org.apache.pig.PigServer$Graph.registerQuery(PigServer.java:1114)
	at org.apache.pig.PigServer.registerQuery(PigServer.java:425)
	at org.apache.pig.tools.grunt.GruntParser.processPig(GruntParser.java:737)
	at org.apache.pig.tools.pigscript.parser.PigScriptParser.parse(PigScriptParser.java:324)
	at org.apache.pig.tools.grunt.GruntParser.parseStopOnError(GruntParser.java:162)
	at org.apache.pig.tools.grunt.GruntParser.parseStopOnError(GruntParser.java:138)
	at org.apache.pig.tools.grunt.Grunt.exec(Grunt.java:89)
	at org.apache.pig.Main.main(Main.java:391)
Caused by: org.apache.pig.backend.executionengine.ExecException: ERROR 1070: Could not resolve STRSPLIT using imports: [, org.apache.pig.builtin., org.apache.pig.impl.builtin.]
	at org.apache.pig.impl.PigContext.resolveClassName(PigContext.java:440)
	at org.apache.pig.impl.PigContext.instantiateFuncFromSpec(PigContext.java:452)
	... 28 more
================================================================================
