Error message from job controller
---------------------------------
java.lang.OutOfMemoryError: Java heap space
	at java.util.Arrays.copyOf(Arrays.java:2734)
	at java.util.ArrayList.ensureCapacity(ArrayList.java:167)
	at java.util.ArrayList.add(ArrayList.java:351)
	at org.apache.hadoop.mapreduce.lib.input.FileInputFormat.getSplits(FileInputFormat.java:253)
	at org.apache.pig.backend.hadoop.executionengine.mapReduceLayer.PigInputFormat.getSplits(PigInputFormat.java:258)
	at org.apache.hadoop.mapred.JobClient.writeNewSplits(JobClient.java:885)
	at org.apache.hadoop.mapred.JobClient.submitJobInternal(JobClient.java:779)
	at org.apache.hadoop.mapred.JobClient.submitJob(JobClient.java:730)
	at org.apache.hadoop.mapred.jobcontrol.Job.submit(Job.java:378)
	at org.apache.hadoop.mapred.jobcontrol.JobControl.startReadyJobs(JobControl.java:247)
	at org.apache.hadoop.mapred.jobcontrol.JobControl.run(JobControl.java:279)
	at java.lang.Thread.run(Thread.java:619)

Pig Stack Trace
---------------
ERROR 6015: During execution, encountered a Hadoop error.

org.apache.pig.backend.executionengine.ExecException: ERROR 6015: During execution, encountered a Hadoop error.
	at .util.Arrays.copyOf(Arrays.java:2734)
	at .util.ArrayList.ensureCapacity(ArrayList.java:167)
	at .util.ArrayList.add(ArrayList.java:351)
	at .apache.hadoop.mapreduce.lib.input.FileInputFormat.getSplits(FileInputFormat.java:253)
	at .apache.pig.backend.hadoop.executionengine.mapReduceLayer.PigInputFormat.getSplits(PigInputFormat.java:258)
	at .apache.hadoop.mapred.JobClient.writeNewSplits(JobClient.java:885)
	at .apache.hadoop.mapred.JobClient.submitJobInternal(JobClient.java:779)
	at .apache.hadoop.mapred.JobClient.submitJob(JobClient.java:730)
	at .apache.hadoop.mapred.jobcontrol.Job.submit(Job.java:378)
	at .apache.hadoop.mapred.jobcontrol.JobControl.startReadyJobs(JobControl.java:247)
	at .apache.hadoop.mapred.jobcontrol.JobControl.run(JobControl.java:279)
Caused by: java.lang.OutOfMemoryError: Java heap space
	... 11 more
================================================================================
