Pig Stack Trace
---------------
ERROR 1000: Error during parsing. Invalid alias: kmer in null

org.apache.pig.impl.logicalLayer.FrontendException: ERROR 1000: Error during parsing. Invalid alias: kmer in null
	at org.apache.pig.PigServer$Graph.parseQuery(PigServer.java:1170)
	at org.apache.pig.PigServer$Graph.registerQuery(PigServer.java:1114)
	at org.apache.pig.PigServer.registerQuery(PigServer.java:425)
	at org.apache.pig.tools.grunt.GruntParser.processPig(GruntParser.java:737)
	at org.apache.pig.tools.pigscript.parser.PigScriptParser.parse(PigScriptParser.java:324)
	at org.apache.pig.tools.grunt.GruntParser.parseStopOnError(GruntParser.java:162)
	at org.apache.pig.tools.grunt.GruntParser.parseStopOnError(GruntParser.java:138)
	at org.apache.pig.tools.grunt.Grunt.exec(Grunt.java:89)
	at org.apache.pig.Main.main(Main.java:391)
Caused by: org.apache.pig.impl.logicalLayer.parser.ParseException: Invalid alias: kmer in null
	at org.apache.pig.impl.logicalLayer.parser.QueryParser.AliasFieldOrSpec(QueryParser.java:6842)
	at org.apache.pig.impl.logicalLayer.parser.QueryParser.ColOrSpec(QueryParser.java:6686)
	at org.apache.pig.impl.logicalLayer.parser.QueryParser.BaseEvalSpec(QueryParser.java:4791)
	at org.apache.pig.impl.logicalLayer.parser.QueryParser.UnaryExpr(QueryParser.java:4688)
	at org.apache.pig.impl.logicalLayer.parser.QueryParser.CastExpr(QueryParser.java:4634)
	at org.apache.pig.impl.logicalLayer.parser.QueryParser.MultiplicativeExpr(QueryParser.java:4543)
	at org.apache.pig.impl.logicalLayer.parser.QueryParser.AdditiveExpr(QueryParser.java:4469)
	at org.apache.pig.impl.logicalLayer.parser.QueryParser.InfixExpr(QueryParser.java:4435)
	at org.apache.pig.impl.logicalLayer.parser.QueryParser.FlattenedGenerateItem(QueryParser.java:4361)
	at org.apache.pig.impl.logicalLayer.parser.QueryParser.JoinItem(QueryParser.java:2257)
	at org.apache.pig.impl.logicalLayer.parser.QueryParser.JoinClause(QueryParser.java:2771)
	at org.apache.pig.impl.logicalLayer.parser.QueryParser.BaseExpr(QueryParser.java:1324)
	at org.apache.pig.impl.logicalLayer.parser.QueryParser.Expr(QueryParser.java:911)
	at org.apache.pig.impl.logicalLayer.parser.QueryParser.Parse(QueryParser.java:700)
	at org.apache.pig.impl.logicalLayer.LogicalPlanBuilder.parse(LogicalPlanBuilder.java:63)
	at org.apache.pig.PigServer$Graph.parseQuery(PigServer.java:1164)
	... 8 more
================================================================================
