-Dmapred.job.name=dereplication,20000,r=1 -Dio.file.buffer.size=1048576 -Dmapred.child.java.opts=-Xmx2G -Dmapred.compress.map.output=true -Dmapred.max.split.size=30511602
/global/homes/k/kbhatia/pig-0.8.0/bin/pig -param reads=/users/kbhatia/cloud/HiSeq_20000M.fas -param p=100 -param output=/users/kbhatia/dereplication/out-20000.1 dereplicate.pig
0    [main] INFO  org.apache.pig.Main  - Logging error messages to: /global/u2/k/kbhatia/exp/dereplication/pig_1303255996238.log
2011-04-19 23:33:16,428 [main] INFO  org.apache.pig.backend.hadoop.executionengine.HExecutionEngine - Connecting to hadoop file system at: hdfs://128.55.56.15/
2011-04-19 23:33:16,676 [main] INFO  org.apache.pig.backend.hadoop.executionengine.HExecutionEngine - Connecting to map-reduce job tracker at: 128.55.56.15:50031
2011-04-19 23:33:17,147 [main] INFO  org.apache.pig.impl.logicalLayer.optimizer.PruneColumns - No column pruned for READS
2011-04-19 23:33:17,147 [main] INFO  org.apache.pig.impl.logicalLayer.optimizer.PruneColumns - No map keys pruned for READS
2011-04-19 23:33:17,159 [main] INFO  org.apache.pig.ResourceSchema - Insert two-level access to Resource Schema
2011-04-19 23:33:17,505 [main] INFO  org.apache.pig.backend.hadoop.executionengine.HExecutionEngine - (Name: Store(hdfs://cvrsvc11-ib/users/kbhatia/dereplication/out-20000.1:org.apache.pig.builtin.PigStorage) - 1-156 Operator Key: 1-156)
2011-04-19 23:33:17,691 [main] INFO  org.apache.pig.backend.hadoop.executionengine.mapReduceLayer.MultiQueryOptimizer - MR plan size before optimization: 2
2011-04-19 23:33:17,691 [main] INFO  org.apache.pig.backend.hadoop.executionengine.mapReduceLayer.MultiQueryOptimizer - MR plan size after optimization: 2
2011-04-19 23:33:17,814 [main] INFO  org.apache.pig.backend.hadoop.executionengine.mapReduceLayer.JobControlCompiler - mapred.job.reduce.markreset.buffer.percent is not set, set to default 0.3
2011-04-19 23:33:26,110 [main] INFO  org.apache.pig.backend.hadoop.executionengine.mapReduceLayer.JobControlCompiler - Setting up single store job
2011-04-19 23:33:26,250 [main] INFO  org.apache.pig.backend.hadoop.executionengine.mapReduceLayer.MapReduceLauncher - 1 map-reduce job(s) waiting for submission.
2011-04-19 23:33:26,254 [Thread-10] WARN  org.apache.hadoop.mapred.JobClient - Use GenericOptionsParser for parsing the arguments. Applications should implement Tool for the same.
2011-04-19 23:33:26,609 [Thread-10] INFO  org.apache.hadoop.mapreduce.lib.input.FileInputFormat - Total input paths to process : 1
2011-04-19 23:33:26,753 [main] INFO  org.apache.pig.backend.hadoop.executionengine.mapReduceLayer.MapReduceLauncher - 0% complete
2011-04-19 23:33:27,732 [main] INFO  org.apache.pig.backend.hadoop.executionengine.mapReduceLayer.MapReduceLauncher - HadoopJobId: job_201103291504_0103
2011-04-19 23:33:27,732 [main] INFO  org.apache.pig.backend.hadoop.executionengine.mapReduceLayer.MapReduceLauncher - More information at: http://128.55.56.15:50030/jobdetails.jsp?jobid=job_201103291504_0103
2011-04-19 23:38:53,642 [main] INFO  org.apache.pig.backend.hadoop.executionengine.mapReduceLayer.MapReduceLauncher - 34% complete
2011-04-19 23:38:54,145 [main] INFO  org.apache.pig.backend.hadoop.executionengine.mapReduceLayer.MapReduceLauncher - 36% complete
2011-04-19 23:38:56,660 [main] INFO  org.apache.pig.backend.hadoop.executionengine.mapReduceLayer.MapReduceLauncher - 38% complete
2011-04-19 23:38:57,163 [main] INFO  org.apache.pig.backend.hadoop.executionengine.mapReduceLayer.MapReduceLauncher - 40% complete
2011-04-19 23:38:59,678 [main] INFO  org.apache.pig.backend.hadoop.executionengine.mapReduceLayer.MapReduceLauncher - 41% complete
2011-04-19 23:40:27,724 [main] INFO  org.apache.pig.backend.hadoop.executionengine.mapReduceLayer.JobControlCompiler - mapred.job.reduce.markreset.buffer.percent is not set, set to default 0.3
2011-04-19 23:40:30,546 [main] INFO  org.apache.pig.backend.hadoop.executionengine.mapReduceLayer.JobControlCompiler - Setting up single store job
2011-04-19 23:40:30,550 [main] INFO  org.apache.pig.backend.hadoop.executionengine.mapReduceLayer.MapReduceLauncher - 1 map-reduce job(s) waiting for submission.
2011-04-19 23:40:30,553 [Thread-21] WARN  org.apache.hadoop.mapred.JobClient - Use GenericOptionsParser for parsing the arguments. Applications should implement Tool for the same.
2011-04-19 23:40:30,820 [Thread-21] INFO  org.apache.hadoop.mapreduce.lib.input.FileInputFormat - Total input paths to process : 100
2011-04-19 23:40:30,821 [Thread-21] INFO  org.apache.pig.backend.hadoop.executionengine.util.MapRedUtil - Total input paths to process : 100
2011-04-19 23:40:31,937 [main] INFO  org.apache.pig.backend.hadoop.executionengine.mapReduceLayer.MapReduceLauncher - HadoopJobId: job_201103291504_0104
2011-04-19 23:40:31,937 [main] INFO  org.apache.pig.backend.hadoop.executionengine.mapReduceLayer.MapReduceLauncher - More information at: http://128.55.56.15:50030/jobdetails.jsp?jobid=job_201103291504_0104
2011-04-19 23:40:43,505 [main] INFO  org.apache.pig.backend.hadoop.executionengine.mapReduceLayer.MapReduceLauncher - 52% complete
2011-04-19 23:40:48,748 [main] INFO  org.apache.pig.backend.hadoop.executionengine.mapReduceLayer.MapReduceLauncher - 55% complete
2011-04-19 23:40:50,255 [main] INFO  org.apache.pig.backend.hadoop.executionengine.mapReduceLayer.MapReduceLauncher - 57% complete
2011-04-19 23:40:50,758 [main] INFO  org.apache.pig.backend.hadoop.executionengine.mapReduceLayer.MapReduceLauncher - 63% complete
2011-04-19 23:40:51,261 [main] INFO  org.apache.pig.backend.hadoop.executionengine.mapReduceLayer.MapReduceLauncher - 69% complete
2011-04-19 23:40:51,765 [main] INFO  org.apache.pig.backend.hadoop.executionengine.mapReduceLayer.MapReduceLauncher - 72% complete
2011-04-19 23:40:52,267 [main] INFO  org.apache.pig.backend.hadoop.executionengine.mapReduceLayer.MapReduceLauncher - 74% complete
2011-04-19 23:40:54,280 [main] INFO  org.apache.pig.backend.hadoop.executionengine.mapReduceLayer.MapReduceLauncher - 76% complete
2011-04-19 23:40:57,298 [main] INFO  org.apache.pig.backend.hadoop.executionengine.mapReduceLayer.MapReduceLauncher - 78% complete
2011-04-19 23:41:00,313 [main] INFO  org.apache.pig.backend.hadoop.executionengine.mapReduceLayer.MapReduceLauncher - 80% complete
2011-04-19 23:41:03,331 [main] INFO  org.apache.pig.backend.hadoop.executionengine.mapReduceLayer.MapReduceLauncher - 83% complete
2011-04-19 23:42:12,723 [main] INFO  org.apache.pig.backend.hadoop.executionengine.mapReduceLayer.MapReduceLauncher - 84% complete
2011-04-19 23:42:15,740 [main] INFO  org.apache.pig.backend.hadoop.executionengine.mapReduceLayer.MapReduceLauncher - 89% complete
2011-04-19 23:42:18,756 [main] INFO  org.apache.pig.backend.hadoop.executionengine.mapReduceLayer.MapReduceLauncher - 92% complete
2011-04-19 23:43:07,035 [main] INFO  org.apache.pig.backend.hadoop.executionengine.mapReduceLayer.MapReduceLauncher - 100% complete
2011-04-19 23:43:07,220 [main] INFO  org.apache.pig.backend.hadoop.executionengine.mapReduceLayer.MapReduceLauncher - Successfully stored result in: "hdfs://cvrsvc11-ib/users/kbhatia/dereplication/out-20000.1"
2011-04-19 23:43:07,406 [main] INFO  org.apache.pig.backend.hadoop.executionengine.mapReduceLayer.MapReduceLauncher - Records written : 98104706
2011-04-19 23:43:07,407 [main] INFO  org.apache.pig.backend.hadoop.executionengine.mapReduceLayer.MapReduceLauncher - Bytes written : 27196040950
2011-04-19 23:43:07,407 [main] INFO  org.apache.pig.backend.hadoop.executionengine.mapReduceLayer.MapReduceLauncher - Spillable Memory Manager spill count : 0
2011-04-19 23:43:07,407 [main] INFO  org.apache.pig.backend.hadoop.executionengine.mapReduceLayer.MapReduceLauncher - Proactive spill count : 0
2011-04-19 23:43:07,407 [main] INFO  org.apache.pig.backend.hadoop.executionengine.mapReduceLayer.MapReduceLauncher - Success!
