Pig Stack Trace
---------------
ERROR 1000: Error during parsing. Out of bound access. Trying to access non-existent column: 2. Schema {group: chararray,HASHNEIGHBORS: {hash: chararray,chararray,seq: chararray}} has 2 column(s).

org.apache.pig.impl.logicalLayer.FrontendException: ERROR 1000: Error during parsing. Out of bound access. Trying to access non-existent column: 2. Schema {group: chararray,HASHNEIGHBORS: {hash: chararray,chararray,seq: chararray}} has 2 column(s).
	at org.apache.pig.PigServer$Graph.parseQuery(PigServer.java:1170)
	at org.apache.pig.PigServer$Graph.registerQuery(PigServer.java:1114)
	at org.apache.pig.PigServer.registerQuery(PigServer.java:425)
	at org.apache.pig.tools.grunt.GruntParser.processPig(GruntParser.java:737)
	at org.apache.pig.tools.pigscript.parser.PigScriptParser.parse(PigScriptParser.java:324)
	at org.apache.pig.tools.grunt.GruntParser.parseStopOnError(GruntParser.java:162)
	at org.apache.pig.tools.grunt.GruntParser.parseStopOnError(GruntParser.java:138)
	at org.apache.pig.tools.grunt.Grunt.exec(Grunt.java:89)
	at org.apache.pig.Main.main(Main.java:391)
Caused by: org.apache.pig.impl.logicalLayer.parser.ParseException: Out of bound access. Trying to access non-existent column: 2. Schema {group: chararray,HASHNEIGHBORS: {hash: chararray,chararray,seq: chararray}} has 2 column(s).
	at org.apache.pig.impl.logicalLayer.parser.QueryParser.DollarVar(QueryParser.java:6733)
	at org.apache.pig.impl.logicalLayer.parser.QueryParser.ColOrSpec(QueryParser.java:6682)
	at org.apache.pig.impl.logicalLayer.parser.QueryParser.BaseEvalSpec(QueryParser.java:4791)
	at org.apache.pig.impl.logicalLayer.parser.QueryParser.UnaryExpr(QueryParser.java:4688)
	at org.apache.pig.impl.logicalLayer.parser.QueryParser.CastExpr(QueryParser.java:4634)
	at org.apache.pig.impl.logicalLayer.parser.QueryParser.MultiplicativeExpr(QueryParser.java:4543)
	at org.apache.pig.impl.logicalLayer.parser.QueryParser.AdditiveExpr(QueryParser.java:4469)
	at org.apache.pig.impl.logicalLayer.parser.QueryParser.InfixExpr(QueryParser.java:4435)
	at org.apache.pig.impl.logicalLayer.parser.QueryParser.EvalArgsItem(QueryParser.java:5185)
	at org.apache.pig.impl.logicalLayer.parser.QueryParser.EvalArgs(QueryParser.java:5132)
	at org.apache.pig.impl.logicalLayer.parser.QueryParser.EvalFuncSpec(QueryParser.java:4963)
	at org.apache.pig.impl.logicalLayer.parser.QueryParser.BaseEvalSpec(QueryParser.java:4785)
	at org.apache.pig.impl.logicalLayer.parser.QueryParser.UnaryExpr(QueryParser.java:4688)
	at org.apache.pig.impl.logicalLayer.parser.QueryParser.CastExpr(QueryParser.java:4634)
	at org.apache.pig.impl.logicalLayer.parser.QueryParser.MultiplicativeExpr(QueryParser.java:4543)
	at org.apache.pig.impl.logicalLayer.parser.QueryParser.AdditiveExpr(QueryParser.java:4469)
	at org.apache.pig.impl.logicalLayer.parser.QueryParser.InfixExpr(QueryParser.java:4435)
	at org.apache.pig.impl.logicalLayer.parser.QueryParser.FlattenedGenerateItem(QueryParser.java:4361)
	at org.apache.pig.impl.logicalLayer.parser.QueryParser.FlattenedGenerateItemList(QueryParser.java:4284)
	at org.apache.pig.impl.logicalLayer.parser.QueryParser.GenerateStatement(QueryParser.java:4228)
	at org.apache.pig.impl.logicalLayer.parser.QueryParser.NestedBlock(QueryParser.java:3633)
	at org.apache.pig.impl.logicalLayer.parser.QueryParser.ForEachClause(QueryParser.java:3033)
	at org.apache.pig.impl.logicalLayer.parser.QueryParser.BaseExpr(QueryParser.java:1332)
	at org.apache.pig.impl.logicalLayer.parser.QueryParser.Expr(QueryParser.java:911)
	at org.apache.pig.impl.logicalLayer.parser.QueryParser.Parse(QueryParser.java:700)
	at org.apache.pig.impl.logicalLayer.LogicalPlanBuilder.parse(LogicalPlanBuilder.java:63)
	at org.apache.pig.PigServer$Graph.parseQuery(PigServer.java:1164)
	... 8 more
================================================================================
