Backend error message
---------------------
Too many fetch-failures

Pig Stack Trace
---------------
ERROR 2997: Unable to recreate exception from backed error: Too many fetch-failures

org.apache.pig.impl.logicalLayer.FrontendException: ERROR 1066: Unable to open iterator for alias H
	at org.apache.pig.PigServer.openIterator(PigServer.java:521)
	at org.apache.pig.tools.grunt.GruntParser.processDump(GruntParser.java:544)
	at org.apache.pig.tools.pigscript.parser.PigScriptParser.parse(PigScriptParser.java:241)
	at org.apache.pig.tools.grunt.GruntParser.parseStopOnError(GruntParser.java:162)
	at org.apache.pig.tools.grunt.GruntParser.parseStopOnError(GruntParser.java:138)
	at org.apache.pig.tools.grunt.Grunt.exec(Grunt.java:89)
	at org.apache.pig.Main.main(Main.java:391)
Caused by: org.apache.pig.backend.executionengine.ExecException: ERROR 2997: Unable to recreate exception from backed error: Too many fetch-failures
	at org.apache.pig.backend.hadoop.executionengine.mapReduceLayer.Launcher.getErrorMessages(Launcher.java:231)
	at org.apache.pig.backend.hadoop.executionengine.mapReduceLayer.Launcher.getStats(Launcher.java:175)
	at org.apache.pig.backend.hadoop.executionengine.mapReduceLayer.MapReduceLauncher.launchPig(MapReduceLauncher.java:268)
	at org.apache.pig.backend.hadoop.executionengine.HExecutionEngine.execute(HExecutionEngine.java:308)
	at org.apache.pig.PigServer.executeCompiledLogicalPlan(PigServer.java:835)
	at org.apache.pig.PigServer.store(PigServer.java:569)
	at org.apache.pig.PigServer.openIterator(PigServer.java:504)
	... 6 more
================================================================================
